<?xml version="1.0" encoding="UTF-8"?>
<testsuite name="org.payswap.aise.app.field.FieldJourneyStationSyncTest" tests="1" skipped="0" failures="1" errors="0" timestamp="2026-09-23T03:34:42.393Z" hostname="e2b.local" time="0.343">
  <properties/>
  <testcase name="the full station field journey runs against the real backend()" classname="org.payswap.aise.app.field.FieldJourneyStationSyncTest" time="0.343">
    <failure message="java.lang.IllegalStateException: expected Submitted, got SubmissionFailed(intent=TaskIntentValue(contractVersion=1.0.0, taskId=task-field-provisioned-0001, taskType=field-capture, intent=Capture visual evidence of the cracked masonry on level 2 so the engineering case can be diagnosed., projectRef=proj-7f3a2b, targetRefs=[case-91ab, node-wall-12], parameters={priority=high, area=level-2}, createdAt=2026-01-15T09:25:00.000Z), directive=MissionDirective(missionId=mission-2026-000042, missionState=active, intent=Diagnose the level-2 masonry crack: overview stills, detail stills and a walk-through., steps=[MissionStepDirective(stepId=step-stills, sequence=1, title=Crack pattern overview stills, instructions=Photograph the full crack pattern from 2 m, one frame per wall segment., method=STILL_IMAGERY, exactAction=Capture still image, mandatory=true, requirementRefs=[req-crack-visual], readiness=READY, note=null), MissionStepDirective(stepId=step-detail, sequence=2, title=Crack detail stills, instructions=Detail shots every 50 cm with the scale reference in frame., method=STILL_IMAGERY, exactAction=Capture still image, mandatory=true, requirementRefs=[req-crack-detail], readiness=READY, note=null), MissionStepDirective(stepId=step-video, sequence=3, title=Walk-through video, instructions=Record a slow walk-through of level 2 for spatial context., method=VIDEO_FOOTAGE, exactAction=Record video footage, mandatory=false, requirementRefs=[req-spatial-context], readiness=READY, note=null)], negotiationOutcome=PERMITTED, permittedInteractionModes=[MENU_NAVIGATION, PANEL_INSPECTION, DRAG_INSPECT, FILE_WORKFLOW, CAMERA_CAPTURE, GESTURE, SCAN_CONTROL, OFFLINE_QUEUE], blockedReasons=[], degradedNotes=[], deviceBlockers=[]), evidenceByStep={step-stills=[9bdf332f14869778d46029b3c1a0ae98ef6fc93378ee28affe876c4d24fdd60a], step-video=[e4cf15ffa480982f2da0fc1df1bca0a321b02a3991ebdbe50b8bb56604ea0f5b]}, submission=Failed(reason=sync answered HTTP 400: {&quot;error&quot;:{&quot;code&quot;:&quot;schema_invalid&quot;,&quot;message&quot;:&quot;Schema invalid.&quot;,&quot;requestId&quot;:&quot;388fa896-2847-4ebe-968b-3f1847c450be&quot;},&quot;detail&quot;:&quot;request body does not satisfy the SyncBatch wire contract&quot;,&quot;issues&quot;:[{&quot;path&quot;:&quot;envelope/assets/0/relativePath&quot;,&quot;code&quot;:&quot;unrecognized_keys&quot;},{&quot;path&quot;:&quot;envelope/assets/1/relativePath&quot;,&quot;code&quot;:&quot;unrecognized_keys&quot;},{&quot;path&quot;:&quot;envelope/recovery&quot;,&quot;code&quot;:&quot;unrecognized_keys&quot;}]}, submissionKey=aise-submission-v1:6d5fd9769a5af0dc81f9fb60ba49e609382c27d04e0904ddc39388e0a745b368))" type="java.lang.IllegalStateException">java.lang.IllegalStateException: expected Submitted, got SubmissionFailed(intent=TaskIntentValue(contractVersion=1.0.0, taskId=task-field-provisioned-0001, taskType=field-capture, intent=Capture visual evidence of the cracked masonry on level 2 so the engineering case can be diagnosed., projectRef=proj-7f3a2b, targetRefs=[case-91ab, node-wall-12], parameters={priority=high, area=level-2}, createdAt=2026-01-15T09:25:00.000Z), directive=MissionDirective(missionId=mission-2026-000042, missionState=active, intent=Diagnose the level-2 masonry crack: overview stills, detail stills and a walk-through., steps=[MissionStepDirective(stepId=step-stills, sequence=1, title=Crack pattern overview stills, instructions=Photograph the full crack pattern from 2 m, one frame per wall segment., method=STILL_IMAGERY, exactAction=Capture still image, mandatory=true, requirementRefs=[req-crack-visual], readiness=READY, note=null), MissionStepDirective(stepId=step-detail, sequence=2, title=Crack detail stills, instructions=Detail shots every 50 cm with the scale reference in frame., method=STILL_IMAGERY, exactAction=Capture still image, mandatory=true, requirementRefs=[req-crack-detail], readiness=READY, note=null), MissionStepDirective(stepId=step-video, sequence=3, title=Walk-through video, instructions=Record a slow walk-through of level 2 for spatial context., method=VIDEO_FOOTAGE, exactAction=Record video footage, mandatory=false, requirementRefs=[req-spatial-context], readiness=READY, note=null)], negotiationOutcome=PERMITTED, permittedInteractionModes=[MENU_NAVIGATION, PANEL_INSPECTION, DRAG_INSPECT, FILE_WORKFLOW, CAMERA_CAPTURE, GESTURE, SCAN_CONTROL, OFFLINE_QUEUE], blockedReasons=[], degradedNotes=[], deviceBlockers=[]), evidenceByStep={step-stills=[9bdf332f14869778d46029b3c1a0ae98ef6fc93378ee28affe876c4d24fdd60a], step-video=[e4cf15ffa480982f2da0fc1df1bca0a321b02a3991ebdbe50b8bb56604ea0f5b]}, submission=Failed(reason=sync answered HTTP 400: {&quot;error&quot;:{&quot;code&quot;:&quot;schema_invalid&quot;,&quot;message&quot;:&quot;Schema invalid.&quot;,&quot;requestId&quot;:&quot;388fa896-2847-4ebe-968b-3f1847c450be&quot;},&quot;detail&quot;:&quot;request body does not satisfy the SyncBatch wire contract&quot;,&quot;issues&quot;:[{&quot;path&quot;:&quot;envelope/assets/0/relativePath&quot;,&quot;code&quot;:&quot;unrecognized_keys&quot;},{&quot;path&quot;:&quot;envelope/assets/1/relativePath&quot;,&quot;code&quot;:&quot;unrecognized_keys&quot;},{&quot;path&quot;:&quot;envelope/recovery&quot;,&quot;code&quot;:&quot;unrecognized_keys&quot;}]}, submissionKey=aise-submission-v1:6d5fd9769a5af0dc81f9fb60ba49e609382c27d04e0904ddc39388e0a745b368))
	at org.payswap.aise.app.field.FieldJourneyStationSyncTest.executeJourney(FieldJourneyStationSyncTest.kt:188)
	at org.payswap.aise.app.field.FieldJourneyStationSyncTest.access$executeJourney(FieldJourneyStationSyncTest.kt:51)
	at org.payswap.aise.app.field.FieldJourneyStationSyncTest$executeJourney$1.invokeSuspend(FieldJourneyStationSyncTest.kt)
	at kotlin.coroutines.jvm.internal.BaseContinuationImpl.resumeWith(ContinuationImpl.kt:33)
	at kotlinx.coroutines.DispatchedTask.run(DispatchedTask.kt:100)
	at kotlinx.coroutines.EventLoopImplBase.processNextEvent(EventLoop.common.kt:263)
	at kotlinx.coroutines.BlockingCoroutine.joinBlocking(Builders.kt:94)
	at kotlinx.coroutines.BuildersKt__BuildersKt.runBlocking(Builders.kt:70)
	at kotlinx.coroutines.BuildersKt.runBlocking(Unknown Source)
	at kotlinx.coroutines.BuildersKt__BuildersKt.runBlocking$default(Builders.kt:48)
	at kotlinx.coroutines.BuildersKt.runBlocking$default(Unknown Source)
	at org.payswap.aise.app.field.FieldJourneyStationSyncTest.the full station field journey runs against the real backend(FieldJourneyStationSyncTest.kt:72)
	at java.base/java.lang.reflect.Method.invoke(Method.java:580)
	at java.base/java.util.ArrayList.forEach(ArrayList.java:1596)
	at java.base/java.util.ArrayList.forEach(ArrayList.java:1596)
</failure>
  </testcase>
  <system-out><![CDATA[[station-journey] journey-step	step=server-health	fidelity=REAL	detail=/healthz HTTP 200
[station-journey] journey-step	step=auth	fidelity=REAL	detail=demo principal 'Demo Evaluator' (demo); token held in memory only
[station-journey] journey-step	step=capability-assessment	fidelity=DETERMINISTIC	detail=negotiation=PERMITTED; mission=mission-2026-000042; gaps=3
[station-journey] journey-step	step=session-start	fidelity=DETERMINISTIC	detail=session opened with honest baseline (imuActive=false)
[station-journey] journey-step	step=guided-still-capture	fidelity=SYNTHETIC	detail=12 KB deterministic still bytes (no physical camera)
[station-journey] journey-step	step=guided-video-capture	fidelity=SYNTHETIC	detail=24 KB deterministic video bytes (no physical camera)
[station-journey] journey-step	step=sensor-capture	fidelity=UNAVAILABLE-ON-STATION	detail=no IMU/rotation-vector hardware in an E2B sandbox; the baseline snapshot records imuActive=false (never conflated with supported)
[station-journey] journey-step	step=guided-capture-progress	fidelity=DETERMINISTIC	detail=evidenceByStep=[step-stills, step-video]
[station-journey] journey-step	step=pause-resume	fidelity=DETERMINISTIC	detail=CAPTURING→PAUSED→CAPTURING journaled transitions
[station-journey] journey-step	step=recovery	fidelity=DETERMINISTIC	detail=journal replay recovered session=f99b5cfb-c369-333b-952c-83fd7de7234f assets=2
[station-journey] journey-step	step=finalize	fidelity=DETERMINISTIC	detail=manifest exported (3550 chars)
[station-journey] journey-step	step=submit-blocked	fidelity=DETERMINISTIC	detail=unauthenticated transport defers explicitly: sign in to AISE on the mobile client before syncing evidence
]]></system-out>
  <system-err><![CDATA[]]></system-err>
</testsuite>
